<?xml version="1.0" encoding="UTF-8"?>
<testsuite name="es.unizar.iaaa.tfg.adapters.mutations.TestFilterFields" tests="1" skipped="0" failures="0" errors="0" timestamp="2023-07-18T21:14:41" hostname="MacBook-Air-de-diego.local" time="18.971">
  <properties/>
  <testcase name="Filtrsos()[jvm]" classname="es.unizar.iaaa.tfg.adapters.mutations.TestFilterFields" time="18.971"/>
  <system-out><![CDATA[23:14:10,086 |-INFO in ch.qos.logback.classic.LoggerContext[default] - This is logback-classic version 1.4.5
23:14:10,140 |-INFO in ch.qos.logback.classic.LoggerContext[default] - Could NOT find resource [logback-test.xml]
23:14:10,146 |-INFO in ch.qos.logback.classic.LoggerContext[default] - Found resource [logback.xml] at [file:/Users/diegogarcia/Desktop/TFG/Diego/TFGgraphqlDGS/graphql_js_apollo_30_05_2023/build/processedResources/jvm/test/logback.xml]
23:14:10,149 |-WARN in ch.qos.logback.classic.util.DefaultJoranConfigurator@368617cd - Resource [logback.xml] occurs multiple times on the classpath.
23:14:10,149 |-WARN in ch.qos.logback.classic.util.DefaultJoranConfigurator@368617cd - Resource [logback.xml] occurs at [file:/Users/diegogarcia/Desktop/TFG/Diego/TFGgraphqlDGS/graphql_js_apollo_30_05_2023/build/processedResources/jvm/test/logback.xml]
23:14:10,149 |-WARN in ch.qos.logback.classic.util.DefaultJoranConfigurator@368617cd - Resource [logback.xml] occurs at [file:/Users/diegogarcia/Desktop/TFG/Diego/TFGgraphqlDGS/graphql_js_apollo_30_05_2023/build/processedResources/jvm/main/logback.xml]
23:14:10,545 |-INFO in ch.qos.logback.core.model.processor.AppenderModelHandler - Processing appender named [console]
23:14:10,545 |-INFO in ch.qos.logback.core.model.processor.AppenderModelHandler - About to instantiate appender of type [ch.qos.logback.core.ConsoleAppender]
23:14:10,596 |-INFO in ch.qos.logback.core.model.processor.ImplicitModelHandler - Assuming default type [ch.qos.logback.classic.encoder.PatternLayoutEncoder] for [encoder] property
23:14:10,762 |-INFO in ch.qos.logback.classic.model.processor.RootLoggerModelHandler - Setting level of ROOT logger to INFO
23:14:10,763 |-INFO in ch.qos.logback.core.model.processor.AppenderRefModelHandler - Attaching appender named [console] to Logger[ROOT]
23:14:10,770 |-INFO in ch.qos.logback.classic.model.processor.LoggerModelHandler - Setting level of logger [loggerTest] to DEBUG
23:14:10,770 |-INFO in ch.qos.logback.core.model.processor.DefaultProcessor@7ae88df1 - End of configuration.
23:14:10,774 |-INFO in ch.qos.logback.classic.joran.JoranConfigurator@502a9b30 - Registering current configuration as safe fallback point

2023-07-18 23:14:11,273 ?[32m[Test worker]?[0;39m ?[34mINFO?[0;39m o.s.t.c.support.AnnotationConfigContextLoaderUtils - Could not detect default configuration classes for test class [es.unizar.iaaa.tfg.adapters.mutations.TestFilterFields]: TestFilterFields does not declare any static, non-private, non-final, nested classes annotated with @Configuration.
2023-07-18 23:14:11,826 ?[32m[Test worker]?[0;39m ?[34mINFO?[0;39m o.s.b.t.context.SpringBootTestContextBootstrapper - Found @SpringBootConfiguration es.unizar.iaaa.tfg.GraphqlDgsApplication for test class es.unizar.iaaa.tfg.adapters.mutations.TestFilterFields

  .   ____          _            __ _ _
 /\\ / ___'_ __ _ _(_)_ __  __ _ \ \ \ \
( ( )\___ | '_ | '_| | '_ \/ _` | \ \ \ \
 \\/  ___)| |_)| | | | | || (_| |  ) ) ) )
  '  |____| .__|_| |_|_| |_\__, | / / / /
 =========|_|==============|___/=/_/_/_/
 :: Spring Boot ::                (v3.0.1)

2023-07-18 23:14:14,019 ?[32m[Test worker]?[0;39m ?[31mWARN?[0;39m o.s.b.t.j.DuplicateJsonObjectContextCustomizerFactory$DuplicateJsonObjectContextCustomizer - 

Found multiple occurrences of org.json.JSONObject on the class path:

	jar:file:/Users/diegogarcia/.gradle/caches/modules-2/files-2.1/org.json/json/20090211/c183aa3a2a6250293808bba12262c8920ce5a51c/json-20090211.jar!/org/json/JSONObject.class
	jar:file:/Users/diegogarcia/.gradle/caches/modules-2/files-2.1/com.vaadin.external.google/android-json/0.0.20131108.vaadin1/fa26d351fe62a6a17f5cda1287c1c6110dec413f/android-json-0.0.20131108.vaadin1.jar!/org/json/JSONObject.class

You may wish to exclude one of them to ensure predictable runtime behavior

2023-07-18 23:14:14,120 ?[32m[Test worker]?[0;39m ?[34mINFO?[0;39m e.u.iaaa.tfg.adapters.mutations.TestFilterFields - Starting TestFilterFields using Java 17.0.1 with PID 81314 (started by diegogarcia in /Users/diegogarcia/Desktop/TFG/Diego/TFGgraphqlDGS/graphql_js_apollo_30_05_2023)
2023-07-18 23:14:14,123 ?[32m[Test worker]?[0;39m ?[34mINFO?[0;39m e.u.iaaa.tfg.adapters.mutations.TestFilterFields - No active profile set, falling back to 1 default profile: "default"
2023-07-18 23:14:14,355 ?[32m[Test worker]?[0;39m ?[39mDEBUG?[0;39m o.s.w.context.support.GenericWebApplicationContext - Refreshing org.springframework.web.context.support.GenericWebApplicationContext@d9d5388
2023-07-18 23:14:20,480 ?[32m[Test worker]?[0;39m ?[34mINFO?[0;39m o.s.d.r.config.RepositoryConfigurationDelegate - Multiple Spring Data modules found, entering strict repository configuration mode
2023-07-18 23:14:20,487 ?[32m[Test worker]?[0;39m ?[34mINFO?[0;39m o.s.d.r.config.RepositoryConfigurationDelegate - Bootstrapping Spring Data JPA repositories in DEFAULT mode.
2023-07-18 23:14:21,286 ?[32m[Test worker]?[0;39m ?[34mINFO?[0;39m o.s.d.r.c.RepositoryConfigurationExtensionSupport - Spring Data JPA - Could not safely identify store assignment for repository candidate interface es.unizar.iaaa.tfg.repository.RedisRepository; If you want this repository to be a JPA repository, consider annotating your entities with one of these annotations: jakarta.persistence.Entity, jakarta.persistence.MappedSuperclass (preferred), or consider extending one of the following types with your repository: org.springframework.data.jpa.repository.JpaRepository
2023-07-18 23:14:21,475 ?[32m[Test worker]?[0;39m ?[34mINFO?[0;39m o.s.d.r.config.RepositoryConfigurationDelegate - Finished Spring Data repository scanning in 952 ms. Found 19 JPA repository interfaces.
2023-07-18 23:14:21,562 ?[32m[Test worker]?[0;39m ?[34mINFO?[0;39m o.s.d.r.config.RepositoryConfigurationDelegate - Multiple Spring Data modules found, entering strict repository configuration mode
2023-07-18 23:14:21,571 ?[32m[Test worker]?[0;39m ?[34mINFO?[0;39m o.s.d.r.config.RepositoryConfigurationDelegate - Bootstrapping Spring Data Redis repositories in DEFAULT mode.
2023-07-18 23:14:21,683 ?[32m[Test worker]?[0;39m ?[34mINFO?[0;39m o.s.d.r.c.RepositoryConfigurationExtensionSupport - Spring Data Redis - Could not safely identify store assignment for repository candidate interface es.unizar.iaaa.tfg.repository.CatalogRecordsRepository; If you want this repository to be a Redis repository, consider annotating your entities with one of these annotations: org.springframework.data.redis.core.RedisHash (preferred), or consider extending one of the following types with your repository: org.springframework.data.keyvalue.repository.KeyValueRepository
2023-07-18 23:14:21,688 ?[32m[Test worker]?[0;39m ?[34mINFO?[0;39m o.s.d.r.c.RepositoryConfigurationExtensionSupport - Spring Data Redis - Could not safely identify store assignment for repository candidate interface es.unizar.iaaa.tfg.repository.CatalogRepository; If you want this repository to be a Redis repository, consider annotating your entities with one of these annotations: org.springframework.data.redis.core.RedisHash (preferred), or consider extending one of the following types with your repository: org.springframework.data.keyvalue.repository.KeyValueRepository
2023-07-18 23:14:21,689 ?[32m[Test worker]?[0;39m ?[34mINFO?[0;39m o.s.d.r.c.RepositoryConfigurationExtensionSupport - Spring Data Redis - Could not safely identify store assignment for repository candidate interface es.unizar.iaaa.tfg.repository.DataServiceRepository; If you want this repository to be a Redis repository, consider annotating your entities with one of these annotations: org.springframework.data.redis.core.RedisHash (preferred), or consider extending one of the following types with your repository: org.springframework.data.keyvalue.repository.KeyValueRepository
2023-07-18 23:14:21,690 ?[32m[Test worker]?[0;39m ?[34mINFO?[0;39m o.s.d.r.c.RepositoryConfigurationExtensionSupport - Spring Data Redis - Could not safely identify store assignment for repository candidate interface es.unizar.iaaa.tfg.repository.DatasetRepository; If you want this repository to be a Redis repository, consider annotating your entities with one of these annotations: org.springframework.data.redis.core.RedisHash (preferred), or consider extending one of the following types with your repository: org.springframework.data.keyvalue.repository.KeyValueRepository
2023-07-18 23:14:21,691 ?[32m[Test worker]?[0;39m ?[34mINFO?[0;39m o.s.d.r.c.RepositoryConfigurationExtensionSupport - Spring Data Redis - Could not safely identify store assignment for repository candidate interface es.unizar.iaaa.tfg.repository.DatasetSeriesRepository; If you want this repository to be a Redis repository, consider annotating your entities with one of these annotations: org.springframework.data.redis.core.RedisHash (preferred), or consider extending one of the following types with your repository: org.springframework.data.keyvalue.repository.KeyValueRepository
2023-07-18 23:14:21,692 ?[32m[Test worker]?[0;39m ?[34mINFO?[0;39m o.s.d.r.c.RepositoryConfigurationExtensionSupport - Spring Data Redis - Could not safely identify store assignment for repository candidate interface es.unizar.iaaa.tfg.repository.DescriptionRepository; If you want this repository to be a Redis repository, consider annotating your entities with one of these annotations: org.springframework.data.redis.core.RedisHash (preferred), or consider extending one of the following types with your repository: org.springframework.data.keyvalue.repository.KeyValueRepository
2023-07-18 23:14:21,693 ?[32m[Test worker]?[0;39m ?[34mINFO?[0;39m o.s.d.r.c.RepositoryConfigurationExtensionSupport - Spring Data Redis - Could not safely identify store assignment for repository candidate interface es.unizar.iaaa.tfg.repository.DistributionRepository; If you want this repository to be a Redis repository, consider annotating your entities with one of these annotations: org.springframework.data.redis.core.RedisHash (preferred), or consider extending one of the following types with your repository: org.springframework.data.keyvalue.repository.KeyValueRepository
2023-07-18 23:14:21,694 ?[32m[Test worker]?[0;39m ?[34mINFO?[0;39m o.s.d.r.c.RepositoryConfigurationExtensionSupport - Spring Data Redis - Could not safely identify store assignment for repository candidate interface es.unizar.iaaa.tfg.repository.HintsRepository; If you want this repository to be a Redis repository, consider annotating your entities with one of these annotations: org.springframework.data.redis.core.RedisHash (preferred), or consider extending one of the following types with your repository: org.springframework.data.keyvalue.repository.KeyValueRepository
2023-07-18 23:14:21,695 ?[32m[Test worker]?[0;39m ?[34mINFO?[0;39m o.s.d.r.c.RepositoryConfigurationExtensionSupport - Spring Data Redis - Could not safely identify store assignment for repository candidate interface es.unizar.iaaa.tfg.repository.IdentifierRepository; If you want this repository to be a Redis repository, consider annotating your entities with one of these annotations: org.springframework.data.redis.core.RedisHash (preferred), or consider extending one of the following types with your repository: org.springframework.data.keyvalue.repository.KeyValueRepository
2023-07-18 23:14:21,697 ?[32m[Test worker]?[0;39m ?[34mINFO?[0;39m o.s.d.r.c.RepositoryConfigurationExtensionSupport - Spring Data Redis - Could not safely identify store assignment for repository candidate interface es.unizar.iaaa.tfg.repository.KeywordRepository; If you want this repository to be a Redis repository, consider annotating your entities with one of these annotations: org.springframework.data.redis.core.RedisHash (preferred), or consider extending one of the following types with your repository: org.springframework.data.keyvalue.repository.KeyValueRepository
2023-07-18 23:14:21,698 ?[32m[Test worker]?[0;39m ?[34mINFO?[0;39m o.s.d.r.c.RepositoryConfigurationExtensionSupport - Spring Data Redis - Could not safely identify store assignment for repository candidate interface es.unizar.iaaa.tfg.repository.LanguageRepository; If you want this repository to be a Redis repository, consider annotating your entities with one of these annotations: org.springframework.data.redis.core.RedisHash (preferred), or consider extending one of the following types with your repository: org.springframework.data.keyvalue.repository.KeyValueRepository
2023-07-18 23:14:21,699 ?[32m[Test worker]?[0;39m ?[34mINFO?[0;39m o.s.d.r.c.RepositoryConfigurationExtensionSupport - Spring Data Redis - Could not safely identify store assignment for repository candidate interface es.unizar.iaaa.tfg.repository.LocationRepository; If you want this repository to be a Redis repository, consider annotating your entities with one of these annotations: org.springframework.data.redis.core.RedisHash (preferred), or consider extending one of the following types with your repository: org.springframework.data.keyvalue.repository.KeyValueRepository
2023-07-18 23:14:21,700 ?[32m[Test worker]?[0;39m ?[34mINFO?[0;39m o.s.d.r.c.RepositoryConfigurationExtensionSupport - Spring Data Redis - Could not safely identify store assignment for repository candidate interface es.unizar.iaaa.tfg.repository.PublisherRepository; If you want this repository to be a Redis repository, consider annotating your entities with one of these annotations: org.springframework.data.redis.core.RedisHash (preferred), or consider extending one of the following types with your repository: org.springframework.data.keyvalue.repository.KeyValueRepository
2023-07-18 23:14:21,701 ?[32m[Test worker]?[0;39m ?[34mINFO?[0;39m o.s.d.r.c.RepositoryConfigurationExtensionSupport - Spring Data Redis - Could not safely identify store assignment for repository candidate interface es.unizar.iaaa.tfg.repository.RegulationsRepository; If you want this repository to be a Redis repository, consider annotating your entities with one of these annotations: org.springframework.data.redis.core.RedisHash (preferred), or consider extending one of the following types with your repository: org.springframework.data.keyvalue.repository.KeyValueRepository
2023-07-18 23:14:21,703 ?[32m[Test worker]?[0;39m ?[34mINFO?[0;39m o.s.d.r.c.RepositoryConfigurationExtensionSupport - Spring Data Redis - Could not safely identify store assignment for repository candidate interface es.unizar.iaaa.tfg.repository.RelatedResourcesRepository; If you want this repository to be a Redis repository, consider annotating your entities with one of these annotations: org.springframework.data.redis.core.RedisHash (preferred), or consider extending one of the following types with your repository: org.springframework.data.keyvalue.repository.KeyValueRepository
2023-07-18 23:14:21,704 ?[32m[Test worker]?[0;39m ?[34mINFO?[0;39m o.s.d.r.c.RepositoryConfigurationExtensionSupport - Spring Data Redis - Could not safely identify store assignment for repository candidate interface es.unizar.iaaa.tfg.repository.ResourceRepository; If you want this repository to be a Redis repository, consider annotating your entities with one of these annotations: org.springframework.data.redis.core.RedisHash (preferred), or consider extending one of the following types with your repository: org.springframework.data.keyvalue.repository.KeyValueRepository
2023-07-18 23:14:21,705 ?[32m[Test worker]?[0;39m ?[34mINFO?[0;39m o.s.d.r.c.RepositoryConfigurationExtensionSupport - Spring Data Redis - Could not safely identify store assignment for repository candidate interface es.unizar.iaaa.tfg.repository.ThemeRepository; If you want this repository to be a Redis repository, consider annotating your entities with one of these annotations: org.springframework.data.redis.core.RedisHash (preferred), or consider extending one of the following types with your repository: org.springframework.data.keyvalue.repository.KeyValueRepository
2023-07-18 23:14:21,707 ?[32m[Test worker]?[0;39m ?[34mINFO?[0;39m o.s.d.r.c.RepositoryConfigurationExtensionSupport - Spring Data Redis - Could not safely identify store assignment for repository candidate interface es.unizar.iaaa.tfg.repository.TitleDistributionRepository; If you want this repository to be a Redis repository, consider annotating your entities with one of these annotations: org.springframework.data.redis.core.RedisHash (preferred), or consider extending one of the following types with your repository: org.springframework.data.keyvalue.repository.KeyValueRepository
2023-07-18 23:14:21,708 ?[32m[Test worker]?[0;39m ?[34mINFO?[0;39m o.s.d.r.c.RepositoryConfigurationExtensionSupport - Spring Data Redis - Could not safely identify store assignment for repository candidate interface es.unizar.iaaa.tfg.repository.TitleResourceRepository; If you want this repository to be a Redis repository, consider annotating your entities with one of these annotations: org.springframework.data.redis.core.RedisHash (preferred), or consider extending one of the following types with your repository: org.springframework.data.keyvalue.repository.KeyValueRepository
2023-07-18 23:14:21,742 ?[32m[Test worker]?[0;39m ?[34mINFO?[0;39m o.s.d.r.config.RepositoryConfigurationDelegate - Finished Spring Data repository scanning in 99 ms. Found 1 Redis repository interfaces.
2023-07-18 23:14:25,163 ?[32m[Test worker]?[0;39m ?[34mINFO?[0;39m com.zaxxer.hikari.HikariDataSource - HikariPool-1 - Starting...
2023-07-18 23:14:25,959 ?[32m[Test worker]?[0;39m ?[34mINFO?[0;39m com.zaxxer.hikari.pool.HikariPool - HikariPool-1 - Added connection org.postgresql.jdbc.PgConnection@5ce0d69f
2023-07-18 23:14:25,965 ?[32m[Test worker]?[0;39m ?[34mINFO?[0;39m com.zaxxer.hikari.HikariDataSource - HikariPool-1 - Start completed.
2023-07-18 23:14:26,095 ?[32m[Test worker]?[0;39m ?[34mINFO?[0;39m SQL dialect - HHH000400: Using dialect: org.hibernate.dialect.PostgreSQLDialect
2023-07-18 23:14:32,031 ?[32m[Test worker]?[0;39m ?[34mINFO?[0;39m o.s.orm.jpa.LocalContainerEntityManagerFactoryBean - Initialized JPA EntityManagerFactory for persistence unit 'default'
2023-07-18 23:14:36,444 ?[32m[Test worker]?[0;39m ?[31mWARN?[0;39m o.s.b.a.o.j.JpaBaseConfiguration$JpaWebConfiguration - spring.jpa.open-in-view is enabled by default. Therefore, database queries may be performed during view rendering. Explicitly configure spring.jpa.open-in-view to disable this warning
2023-07-18 23:14:36,993 ?[32m[Test worker]?[0;39m ?[39mDEBUG?[0;39m o.s.w.s.m.m.a.RequestMappingHandlerAdapter - ControllerAdvice beans: 0 @ModelAttribute, 0 @InitBinder, 1 RequestBodyAdvice, 1 ResponseBodyAdvice
2023-07-18 23:14:39,964 ?[32m[Test worker]?[0;39m ?[39mDEBUG?[0;39m o.s.w.s.m.m.a.RequestMappingHandlerMapping - 5 mappings in 'requestMappingHandlerMapping'
2023-07-18 23:14:39,982 ?[32m[Test worker]?[0;39m ?[39mDEBUG?[0;39m o.s.web.servlet.handler.SimpleUrlHandlerMapping - Patterns [/graphiql, /graphiql/] in 'viewControllerHandlerMapping'
2023-07-18 23:14:40,013 ?[32m[Test worker]?[0;39m ?[34mINFO?[0;39m c.n.g.dgs.webmvc.autoconfigure.GraphiQLConfigurer - Configuring GraphiQL to use GraphQL endpoint at '/graphql'
2023-07-18 23:14:40,056 ?[32m[Test worker]?[0;39m ?[39mDEBUG?[0;39m o.s.web.servlet.handler.SimpleUrlHandlerMapping - Patterns [/webjars/**, /**, /graphiql/**] in 'resourceHandlerMapping'
2023-07-18 23:14:40,086 ?[32m[Test worker]?[0;39m ?[39mDEBUG?[0;39m o.s.w.s.m.m.a.ExceptionHandlerExceptionResolver - ControllerAdvice beans: 0 @ExceptionHandler, 1 ResponseBodyAdvice
2023-07-18 23:14:41,780 ?[32m[Test worker]?[0;39m ?[34mINFO?[0;39m e.u.iaaa.tfg.adapters.mutations.TestFilterFields - Started TestFilterFields in 28.752 seconds (process running for 34.779)
ENTRA::::::::::::::::::::::::::::::::::::::::::::::::::::::::::::::::::::::::::::::::::::::::::::::::::::::::::::::::::::::::::::::::::::::::::::::::::::::::::::::::::::::::::::::::::::::::::::::::::::::::
ESTO::::::::::::::::::::::::::::::::::::::::::::::::::::::::::::::::::::::::::::::::::::::::::::::::::::::::::::::::::::::::::::: null null
TIIIIIITTLEEEE::::::::::::::::::::::::::::::::::::::::::::::::::::::::::::::::: 1d745b00-886a-3165-9433-4bc733b00af8
TIIIIIITTLEEEESS RESS::::::::::::::::::::::::::::::::::::::::::::::::::::::::::::::::: []
IDDDD:::::::::::::::::::::::::::::::::::::::::::::::::::::::::::::::::::::::::::::::::::::::::::::::::::::::::::::::::::::::::::::::::::::::::: root
RESOURCESSSSSS::::::::::::::::::::::::::::::::::::::::::::::::::::::::::::::::::::::::::::::::::::::::::::::::::::::::::::::::::::::::::::: Page 1 of 26287 containing es.unizar.iaaa.tfg.domain.resources.DataServiceEntity instances
TIIIIIITTLEEEE::::::::::::::::::::::::::::::::::::::::::::::::::::::::::::::::: 25e41225-9add-31ef-84c8-067911345129
TIIIIIITTLEEEESS RESS::::::::::::::::::::::::::::::::::::::::::::::::::::::::::::::::: []
IDDDD:::::::::::::::::::::::::::::::::::::::::::::::::::::::::::::::::::::::::::::::::::::::::::::::::::::::::::::::::::::::::::::::::::::::::: root
RESOURCESSSSSS::::::::::::::::::::::::::::::::::::::::::::::::::::::::::::::::::::::::::::::::::::::::::::::::::::::::::::::::::::::::::::: Page 1 of 26287 containing es.unizar.iaaa.tfg.domain.resources.DataServiceEntity instances
TIIIIIITTLEEEE::::::::::::::::::::::::::::::::::::::::::::::::::::::::::::::::: 5155b0e5-2217-3b4d-83a0-2bedba29247e
TIIIIIITTLEEEESS RESS::::::::::::::::::::::::::::::::::::::::::::::::::::::::::::::::: []
IDDDD:::::::::::::::::::::::::::::::::::::::::::::::::::::::::::::::::::::::::::::::::::::::::::::::::::::::::::::::::::::::::::::::::::::::::: root
RESOURCESSSSSS::::::::::::::::::::::::::::::::::::::::::::::::::::::::::::::::::::::::::::::::::::::::::::::::::::::::::::::::::::::::::::: Page 1 of 26287 containing es.unizar.iaaa.tfg.domain.resources.DataServiceEntity instances
TIIIIIITTLEEEE::::::::::::::::::::::::::::::::::::::::::::::::::::::::::::::::: 00cf1c23-daeb-3932-9e67-7370b8a73ee9
TIIIIIITTLEEEESS RESS::::::::::::::::::::::::::::::::::::::::::::::::::::::::::::::::: []
IDDDD:::::::::::::::::::::::::::::::::::::::::::::::::::::::::::::::::::::::::::::::::::::::::::::::::::::::::::::::::::::::::::::::::::::::::: root
RESOURCESSSSSS::::::::::::::::::::::::::::::::::::::::::::::::::::::::::::::::::::::::::::::::::::::::::::::::::::::::::::::::::::::::::::: Page 1 of 26287 containing es.unizar.iaaa.tfg.domain.resources.DataServiceEntity instances
TIIIIIITTLEEEE::::::::::::::::::::::::::::::::::::::::::::::::::::::::::::::::: adecf5ac-cab3-34ec-b655-1d56626510bf
TIIIIIITTLEEEESS RESS::::::::::::::::::::::::::::::::::::::::::::::::::::::::::::::::: []
IDDDD:::::::::::::::::::::::::::::::::::::::::::::::::::::::::::::::::::::::::::::::::::::::::::::::::::::::::::::::::::::::::::::::::::::::::: root
RESOURCESSSSSS::::::::::::::::::::::::::::::::::::::::::::::::::::::::::::::::::::::::::::::::::::::::::::::::::::::::::::::::::::::::::::: Page 1 of 26287 containing es.unizar.iaaa.tfg.domain.resources.DataServiceEntity instances
TIIIIIITTLEEEE::::::::::::::::::::::::::::::::::::::::::::::::::::::::::::::::: 1900dc85-c1bf-39a6-9344-b5465c0ffd17
TIIIIIITTLEEEESS RESS::::::::::::::::::::::::::::::::::::::::::::::::::::::::::::::::: []
IDDDD:::::::::::::::::::::::::::::::::::::::::::::::::::::::::::::::::::::::::::::::::::::::::::::::::::::::::::::::::::::::::::::::::::::::::: root
RESOURCESSSSSS::::::::::::::::::::::::::::::::::::::::::::::::::::::::::::::::::::::::::::::::::::::::::::::::::::::::::::::::::::::::::::: Page 1 of 26287 containing es.unizar.iaaa.tfg.domain.resources.DataServiceEntity instances
TIIIIIITTLEEEE::::::::::::::::::::::::::::::::::::::::::::::::::::::::::::::::: e9f10289-ac76-3eea-983d-344d84b1f325
TIIIIIITTLEEEESS RESS::::::::::::::::::::::::::::::::::::::::::::::::::::::::::::::::: []
IDDDD:::::::::::::::::::::::::::::::::::::::::::::::::::::::::::::::::::::::::::::::::::::::::::::::::::::::::::::::::::::::::::::::::::::::::: root
RESOURCESSSSSS::::::::::::::::::::::::::::::::::::::::::::::::::::::::::::::::::::::::::::::::::::::::::::::::::::::::::::::::::::::::::::: Page 1 of 26287 containing es.unizar.iaaa.tfg.domain.resources.DataServiceEntity instances
TIIIIIITTLEEEE::::::::::::::::::::::::::::::::::::::::::::::::::::::::::::::::: 73b8a590-302a-3d4e-a824-a4edfd4368a2
TIIIIIITTLEEEESS RESS::::::::::::::::::::::::::::::::::::::::::::::::::::::::::::::::: []
IDDDD:::::::::::::::::::::::::::::::::::::::::::::::::::::::::::::::::::::::::::::::::::::::::::::::::::::::::::::::::::::::::::::::::::::::::: root
RESOURCESSSSSS::::::::::::::::::::::::::::::::::::::::::::::::::::::::::::::::::::::::::::::::::::::::::::::::::::::::::::::::::::::::::::: Page 1 of 26287 containing es.unizar.iaaa.tfg.domain.resources.DataServiceEntity instances
TIIIIIITTLEEEE::::::::::::::::::::::::::::::::::::::::::::::::::::::::::::::::: 2ee0ed0d-71eb-3c4b-85fa-035ec3364721
TIIIIIITTLEEEESS RESS::::::::::::::::::::::::::::::::::::::::::::::::::::::::::::::::: []
IDDDD:::::::::::::::::::::::::::::::::::::::::::::::::::::::::::::::::::::::::::::::::::::::::::::::::::::::::::::::::::::::::::::::::::::::::: root
RESOURCESSSSSS::::::::::::::::::::::::::::::::::::::::::::::::::::::::::::::::::::::::::::::::::::::::::::::::::::::::::::::::::::::::::::: Page 1 of 26287 containing es.unizar.iaaa.tfg.domain.resources.DataServiceEntity instances
TIIIIIITTLEEEE::::::::::::::::::::::::::::::::::::::::::::::::::::::::::::::::: 7a0d068c-fc1c-3c21-b3c6-86e166c949df
TIIIIIITTLEEEESS RESS::::::::::::::::::::::::::::::::::::::::::::::::::::::::::::::::: []
IDDDD:::::::::::::::::::::::::::::::::::::::::::::::::::::::::::::::::::::::::::::::::::::::::::::::::::::::::::::::::::::::::::::::::::::::::: root
RESOURCESSSSSS::::::::::::::::::::::::::::::::::::::::::::::::::::::::::::::::::::::::::::::::::::::::::::::::::::::::::::::::::::::::::::: Page 1 of 26287 containing es.unizar.iaaa.tfg.domain.resources.DataServiceEntity instances
2023-07-18 23:15:00,668 ?[32m[Test worker]?[0;39m ?[39mDEBUG?[0;39m loggerTest - RESPUESTAAAAA:  GraphQLResponse(json={"data":{"resourcesByFilter":[{"id":"1d745b00-886a-3165-9433-4bc733b00af8","title":[],"distributions":[{"format":{"type":"text","subtype":"html"}}],"inCatalog":[{"id":"root","resources":[{"id":"f48c5936-04f6-4bd1-8159-28ceb7c15038","isAccessedBy":[{"id":"20a83975-6e91-3df8-b4f8-88c4a28f45b4","title":[{"literal":"_pdf","tag":"es_"}]}]},{},{"id":"b85894b1-c3b3-41b5-bf34-88baa8ee8d46","isAccessedBy":[{"id":"8591d5ec-ea4d-3134-9995-07ece5a646f5","title":[]}]},{},{"id":"7497b303-1385-48ea-a4ed-d6da5875a35a","isAccessedBy":[{"id":"2dcfdea0-eb09-3425-8d0b-0880c5755ba6","title":[{"literal":"_Códigos y otros libros electrónicos","tag":"es_"}]}]}]}]},{"id":"25e41225-9add-31ef-84c8-067911345129","title":[],"distributions":[{"format":{"type":"text","subtype":"html"}}],"inCatalog":[{"id":"root","resources":[{"id":"f48c5936-04f6-4bd1-8159-28ceb7c15038","isAccessedBy":[{"id":"20a83975-6e91-3df8-b4f8-88c4a28f45b4","title":[{"literal":"_pdf","tag":"es_"}]}]},{},{"id":"b85894b1-c3b3-41b5-bf34-88baa8ee8d46","isAccessedBy":[{"id":"8591d5ec-ea4d-3134-9995-07ece5a646f5","title":[]}]},{},{"id":"7497b303-1385-48ea-a4ed-d6da5875a35a","isAccessedBy":[{"id":"2dcfdea0-eb09-3425-8d0b-0880c5755ba6","title":[{"literal":"_Códigos y otros libros electrónicos","tag":"es_"}]}]}]}]},{"id":"5155b0e5-2217-3b4d-83a0-2bedba29247e","title":[],"distributions":[{"format":{"type":"text","subtype":"html"}}],"inCatalog":[{"id":"root","resources":[{"id":"f48c5936-04f6-4bd1-8159-28ceb7c15038","isAccessedBy":[{"id":"20a83975-6e91-3df8-b4f8-88c4a28f45b4","title":[{"literal":"_pdf","tag":"es_"}]}]},{},{"id":"b85894b1-c3b3-41b5-bf34-88baa8ee8d46","isAccessedBy":[{"id":"8591d5ec-ea4d-3134-9995-07ece5a646f5","title":[]}]},{},{"id":"7497b303-1385-48ea-a4ed-d6da5875a35a","isAccessedBy":[{"id":"2dcfdea0-eb09-3425-8d0b-0880c5755ba6","title":[{"literal":"_Códigos y otros libros electrónicos","tag":"es_"}]}]}]}]},{"id":"00cf1c23-daeb-3932-9e67-7370b8a73ee9","title":[],"distributions":[{"format":{"type":"text","subtype":"html"}}],"inCatalog":[{"id":"root","resources":[{"id":"f48c5936-04f6-4bd1-8159-28ceb7c15038","isAccessedBy":[{"id":"20a83975-6e91-3df8-b4f8-88c4a28f45b4","title":[{"literal":"_pdf","tag":"es_"}]}]},{},{"id":"b85894b1-c3b3-41b5-bf34-88baa8ee8d46","isAccessedBy":[{"id":"8591d5ec-ea4d-3134-9995-07ece5a646f5","title":[]}]},{},{"id":"7497b303-1385-48ea-a4ed-d6da5875a35a","isAccessedBy":[{"id":"2dcfdea0-eb09-3425-8d0b-0880c5755ba6","title":[{"literal":"_Códigos y otros libros electrónicos","tag":"es_"}]}]}]}]},{"id":"adecf5ac-cab3-34ec-b655-1d56626510bf","title":[],"distributions":[{"format":{"type":"text","subtype":"html"}}],"inCatalog":[{"id":"root","resources":[{"id":"f48c5936-04f6-4bd1-8159-28ceb7c15038","isAccessedBy":[{"id":"20a83975-6e91-3df8-b4f8-88c4a28f45b4","title":[{"literal":"_pdf","tag":"es_"}]}]},{},{"id":"b85894b1-c3b3-41b5-bf34-88baa8ee8d46","isAccessedBy":[{"id":"8591d5ec-ea4d-3134-9995-07ece5a646f5","title":[]}]},{},{"id":"7497b303-1385-48ea-a4ed-d6da5875a35a","isAccessedBy":[{"id":"2dcfdea0-eb09-3425-8d0b-0880c5755ba6","title":[{"literal":"_Códigos y otros libros electrónicos","tag":"es_"}]}]}]}]},{"id":"1900dc85-c1bf-39a6-9344-b5465c0ffd17","title":[],"distributions":[{"format":{"type":"text","subtype":"html"}}],"inCatalog":[{"id":"root","resources":[{"id":"f48c5936-04f6-4bd1-8159-28ceb7c15038","isAccessedBy":[{"id":"20a83975-6e91-3df8-b4f8-88c4a28f45b4","title":[{"literal":"_pdf","tag":"es_"}]}]},{},{"id":"b85894b1-c3b3-41b5-bf34-88baa8ee8d46","isAccessedBy":[{"id":"8591d5ec-ea4d-3134-9995-07ece5a646f5","title":[]}]},{},{"id":"7497b303-1385-48ea-a4ed-d6da5875a35a","isAccessedBy":[{"id":"2dcfdea0-eb09-3425-8d0b-0880c5755ba6","title":[{"literal":"_Códigos y otros libros electrónicos","tag":"es_"}]}]}]}]},{"id":"e9f10289-ac76-3eea-983d-344d84b1f325","title":[],"distributions":[{"format":{"type":"application","subtype":"xhtml+xml"}}],"inCatalog":[{"id":"root","resources":[{"id":"f48c5936-04f6-4bd1-8159-28ceb7c15038","isAccessedBy":[{"id":"20a83975-6e91-3df8-b4f8-88c4a28f45b4","title":[{"literal":"_pdf","tag":"es_"}]}]},{},{"id":"b85894b1-c3b3-41b5-bf34-88baa8ee8d46","isAccessedBy":[{"id":"8591d5ec-ea4d-3134-9995-07ece5a646f5","title":[]}]},{},{"id":"7497b303-1385-48ea-a4ed-d6da5875a35a","isAccessedBy":[{"id":"2dcfdea0-eb09-3425-8d0b-0880c5755ba6","title":[{"literal":"_Códigos y otros libros electrónicos","tag":"es_"}]}]}]}]},{"id":"73b8a590-302a-3d4e-a824-a4edfd4368a2","title":[],"distributions":[{"format":{"type":"text","subtype":"html"}}],"inCatalog":[{"id":"root","resources":[{"id":"f48c5936-04f6-4bd1-8159-28ceb7c15038","isAccessedBy":[{"id":"20a83975-6e91-3df8-b4f8-88c4a28f45b4","title":[{"literal":"_pdf","tag":"es_"}]}]},{},{"id":"b85894b1-c3b3-41b5-bf34-88baa8ee8d46","isAccessedBy":[{"id":"8591d5ec-ea4d-3134-9995-07ece5a646f5","title":[]}]},{},{"id":"7497b303-1385-48ea-a4ed-d6da5875a35a","isAccessedBy":[{"id":"2dcfdea0-eb09-3425-8d0b-0880c5755ba6","title":[{"literal":"_Códigos y otros libros electrónicos","tag":"es_"}]}]}]}]},{"id":"2ee0ed0d-71eb-3c4b-85fa-035ec3364721","title":[],"distributions":[{"format":{"type":"text","subtype":"html"}}],"inCatalog":[{"id":"root","resources":[{"id":"f48c5936-04f6-4bd1-8159-28ceb7c15038","isAccessedBy":[{"id":"20a83975-6e91-3df8-b4f8-88c4a28f45b4","title":[{"literal":"_pdf","tag":"es_"}]}]},{},{"id":"b85894b1-c3b3-41b5-bf34-88baa8ee8d46","isAccessedBy":[{"id":"8591d5ec-ea4d-3134-9995-07ece5a646f5","title":[]}]},{},{"id":"7497b303-1385-48ea-a4ed-d6da5875a35a","isAccessedBy":[{"id":"2dcfdea0-eb09-3425-8d0b-0880c5755ba6","title":[{"literal":"_Códigos y otros libros electrónicos","tag":"es_"}]}]}]}]},{"id":"7a0d068c-fc1c-3c21-b3c6-86e166c949df","title":[],"distributions":[{"format":{"type":"text","subtype":"html"}}],"inCatalog":[{"id":"root","resources":[{"id":"f48c5936-04f6-4bd1-8159-28ceb7c15038","isAccessedBy":[{"id":"20a83975-6e91-3df8-b4f8-88c4a28f45b4","title":[{"literal":"_pdf","tag":"es_"}]}]},{},{"id":"b85894b1-c3b3-41b5-bf34-88baa8ee8d46","isAccessedBy":[{"id":"8591d5ec-ea4d-3134-9995-07ece5a646f5","title":[]}]},{},{"id":"7497b303-1385-48ea-a4ed-d6da5875a35a","isAccessedBy":[{"id":"2dcfdea0-eb09-3425-8d0b-0880c5755ba6","title":[{"literal":"_Códigos y otros libros electrónicos","tag":"es_"}]}]}]}]}]}}, headers={})
2023-07-18 23:15:00,701 ?[32m[Test worker]?[0;39m ?[39mDEBUG?[0;39m o.s.w.context.support.GenericWebApplicationContext - Closing org.springframework.web.context.support.GenericWebApplicationContext@d9d5388, started on Tue Jul 18 23:14:14 CEST 2023
2023-07-18 23:15:00,760 ?[32m[Test worker]?[0;39m ?[34mINFO?[0;39m o.s.orm.jpa.LocalContainerEntityManagerFactoryBean - Closing JPA EntityManagerFactory for persistence unit 'default'
2023-07-18 23:15:00,767 ?[32m[Test worker]?[0;39m ?[34mINFO?[0;39m com.zaxxer.hikari.HikariDataSource - HikariPool-1 - Shutdown initiated...
2023-07-18 23:15:00,777 ?[32m[Test worker]?[0;39m ?[34mINFO?[0;39m com.zaxxer.hikari.HikariDataSource - HikariPool-1 - Shutdown completed.
]]></system-out>
  <system-err><![CDATA[[2023.07.18 23:14:13] (Coverage): Error during class instrumentation: org.springframework.boot.logging.log4j2.Log4J2LoggingSystem: java.lang.RuntimeException: java.io.IOException: Class org/apache/logging/log4j/core/config/composite/CompositeConfiguration not found
[2023.07.18 23:14:16] (Coverage): Error during class instrumentation: org.springframework.mail.javamail.JavaMailSenderImpl: java.lang.RuntimeException: java.io.IOException: Class jakarta/mail/internet/MimeMessage not found
]]></system-err>
</testsuite>
