<?xml version="1.0" encoding="UTF-8"?>
<testsuite name="es.unizar.iaaa.tfg.adapters.mutations.TestFilterFields" tests="1" skipped="0" failures="1" errors="0" timestamp="2023-06-22T14:09:25" hostname="MacBook-Air-de-diego.local" time="0.816">
  <properties/>
  <testcase name="Filtro resources por Format()[jvm]" classname="es.unizar.iaaa.tfg.adapters.mutations.TestFilterFields" time="0.816">
    <failure message="com.netflix.graphql.dgs.exceptions.QueryException: Variable 'value' has an invalid value: Variable 'value' has coerced Null value for NonNull type 'String!'" type="com.netflix.graphql.dgs.exceptions.QueryException">com.netflix.graphql.dgs.exceptions.QueryException: Variable 'value' has an invalid value: Variable 'value' has coerced Null value for NonNull type 'String!'
	at app//com.netflix.graphql.dgs.internal.DefaultDgsQueryExecutor.getJsonResult(DefaultDgsQueryExecutor.kt:172)
	at app//com.netflix.graphql.dgs.internal.DefaultDgsQueryExecutor.getJsonResult$default(DefaultDgsQueryExecutor.kt:168)
	at app//com.netflix.graphql.dgs.internal.DefaultDgsQueryExecutor.executeAndGetDocumentContext(DefaultDgsQueryExecutor.kt:157)
	at app//es.unizar.iaaa.tfg.adapters.mutations.TestFilterFields.Filtro resources por Format(TestFilterFields.kt:287)
	at java.base@17.0.1/jdk.internal.reflect.NativeMethodAccessorImpl.invoke0(Native Method)
	at java.base@17.0.1/jdk.internal.reflect.NativeMethodAccessorImpl.invoke(NativeMethodAccessorImpl.java:77)
	at java.base@17.0.1/jdk.internal.reflect.DelegatingMethodAccessorImpl.invoke(DelegatingMethodAccessorImpl.java:43)
	at java.base@17.0.1/java.lang.reflect.Method.invoke(Method.java:568)
	at app//org.junit.platform.commons.util.ReflectionUtils.invokeMethod(ReflectionUtils.java:727)
	at app//org.junit.jupiter.engine.execution.MethodInvocation.proceed(MethodInvocation.java:60)
	at app//org.junit.jupiter.engine.execution.InvocationInterceptorChain$ValidatingInvocation.proceed(InvocationInterceptorChain.java:131)
	at app//org.junit.jupiter.engine.extension.TimeoutExtension.intercept(TimeoutExtension.java:156)
	at app//org.junit.jupiter.engine.extension.TimeoutExtension.interceptTestableMethod(TimeoutExtension.java:147)
	at app//org.junit.jupiter.engine.extension.TimeoutExtension.interceptTestMethod(TimeoutExtension.java:86)
	at app//org.junit.jupiter.engine.execution.InterceptingExecutableInvoker$ReflectiveInterceptorCall.lambda$ofVoidMethod$0(InterceptingExecutableInvoker.java:103)
	at app//org.junit.jupiter.engine.execution.InterceptingExecutableInvoker.lambda$invoke$0(InterceptingExecutableInvoker.java:93)
	at app//org.junit.jupiter.engine.execution.InvocationInterceptorChain$InterceptedInvocation.proceed(InvocationInterceptorChain.java:106)
	at app//org.junit.jupiter.engine.execution.InvocationInterceptorChain.proceed(InvocationInterceptorChain.java:64)
	at app//org.junit.jupiter.engine.execution.InvocationInterceptorChain.chainAndInvoke(InvocationInterceptorChain.java:45)
	at app//org.junit.jupiter.engine.execution.InvocationInterceptorChain.invoke(InvocationInterceptorChain.java:37)
	at app//org.junit.jupiter.engine.execution.InterceptingExecutableInvoker.invoke(InterceptingExecutableInvoker.java:92)
	at app//org.junit.jupiter.engine.execution.InterceptingExecutableInvoker.invoke(InterceptingExecutableInvoker.java:86)
	at app//org.junit.jupiter.engine.descriptor.TestMethodTestDescriptor.lambda$invokeTestMethod$7(TestMethodTestDescriptor.java:217)
	at app//org.junit.platform.engine.support.hierarchical.ThrowableCollector.execute(ThrowableCollector.java:73)
	at app//org.junit.jupiter.engine.descriptor.TestMethodTestDescriptor.invokeTestMethod(TestMethodTestDescriptor.java:213)
	at app//org.junit.jupiter.engine.descriptor.TestMethodTestDescriptor.execute(TestMethodTestDescriptor.java:138)
	at app//org.junit.jupiter.engine.descriptor.TestMethodTestDescriptor.execute(TestMethodTestDescriptor.java:68)
	at app//org.junit.platform.engine.support.hierarchical.NodeTestTask.lambda$executeRecursively$6(NodeTestTask.java:151)
	at app//org.junit.platform.engine.support.hierarchical.ThrowableCollector.execute(ThrowableCollector.java:73)
	at app//org.junit.platform.engine.support.hierarchical.NodeTestTask.lambda$executeRecursively$8(NodeTestTask.java:141)
	at app//org.junit.platform.engine.support.hierarchical.Node.around(Node.java:137)
	at app//org.junit.platform.engine.support.hierarchical.NodeTestTask.lambda$executeRecursively$9(NodeTestTask.java:139)
	at app//org.junit.platform.engine.support.hierarchical.ThrowableCollector.execute(ThrowableCollector.java:73)
	at app//org.junit.platform.engine.support.hierarchical.NodeTestTask.executeRecursively(NodeTestTask.java:138)
	at app//org.junit.platform.engine.support.hierarchical.NodeTestTask.execute(NodeTestTask.java:95)
	at java.base@17.0.1/java.util.ArrayList.forEach(ArrayList.java:1511)
	at app//org.junit.platform.engine.support.hierarchical.SameThreadHierarchicalTestExecutorService.invokeAll(SameThreadHierarchicalTestExecutorService.java:41)
	at app//org.junit.platform.engine.support.hierarchical.NodeTestTask.lambda$executeRecursively$6(NodeTestTask.java:155)
	at app//org.junit.platform.engine.support.hierarchical.ThrowableCollector.execute(ThrowableCollector.java:73)
	at app//org.junit.platform.engine.support.hierarchical.NodeTestTask.lambda$executeRecursively$8(NodeTestTask.java:141)
	at app//org.junit.platform.engine.support.hierarchical.Node.around(Node.java:137)
	at app//org.junit.platform.engine.support.hierarchical.NodeTestTask.lambda$executeRecursively$9(NodeTestTask.java:139)
	at app//org.junit.platform.engine.support.hierarchical.ThrowableCollector.execute(ThrowableCollector.java:73)
	at app//org.junit.platform.engine.support.hierarchical.NodeTestTask.executeRecursively(NodeTestTask.java:138)
	at app//org.junit.platform.engine.support.hierarchical.NodeTestTask.execute(NodeTestTask.java:95)
	at java.base@17.0.1/java.util.ArrayList.forEach(ArrayList.java:1511)
	at app//org.junit.platform.engine.support.hierarchical.SameThreadHierarchicalTestExecutorService.invokeAll(SameThreadHierarchicalTestExecutorService.java:41)
	at app//org.junit.platform.engine.support.hierarchical.NodeTestTask.lambda$executeRecursively$6(NodeTestTask.java:155)
	at app//org.junit.platform.engine.support.hierarchical.ThrowableCollector.execute(ThrowableCollector.java:73)
	at app//org.junit.platform.engine.support.hierarchical.NodeTestTask.lambda$executeRecursively$8(NodeTestTask.java:141)
	at app//org.junit.platform.engine.support.hierarchical.Node.around(Node.java:137)
	at app//org.junit.platform.engine.support.hierarchical.NodeTestTask.lambda$executeRecursively$9(NodeTestTask.java:139)
	at app//org.junit.platform.engine.support.hierarchical.ThrowableCollector.execute(ThrowableCollector.java:73)
	at app//org.junit.platform.engine.support.hierarchical.NodeTestTask.executeRecursively(NodeTestTask.java:138)
	at app//org.junit.platform.engine.support.hierarchical.NodeTestTask.execute(NodeTestTask.java:95)
	at app//org.junit.platform.engine.support.hierarchical.SameThreadHierarchicalTestExecutorService.submit(SameThreadHierarchicalTestExecutorService.java:35)
	at app//org.junit.platform.engine.support.hierarchical.HierarchicalTestExecutor.execute(HierarchicalTestExecutor.java:57)
	at app//org.junit.platform.engine.support.hierarchical.HierarchicalTestEngine.execute(HierarchicalTestEngine.java:54)
	at org.junit.platform.launcher.core.EngineExecutionOrchestrator.execute(EngineExecutionOrchestrator.java:107)
	at org.junit.platform.launcher.core.EngineExecutionOrchestrator.execute(EngineExecutionOrchestrator.java:88)
	at org.junit.platform.launcher.core.EngineExecutionOrchestrator.lambda$execute$0(EngineExecutionOrchestrator.java:54)
	at org.junit.platform.launcher.core.EngineExecutionOrchestrator.withInterceptedStreams(EngineExecutionOrchestrator.java:67)
	at org.junit.platform.launcher.core.EngineExecutionOrchestrator.execute(EngineExecutionOrchestrator.java:52)
	at org.junit.platform.launcher.core.DefaultLauncher.execute(DefaultLauncher.java:114)
	at org.junit.platform.launcher.core.DefaultLauncher.execute(DefaultLauncher.java:86)
	at org.junit.platform.launcher.core.DefaultLauncherSession$DelegatingLauncher.execute(DefaultLauncherSession.java:86)
	at org.junit.platform.launcher.core.SessionPerRequestLauncher.execute(SessionPerRequestLauncher.java:53)
	at org.gradle.api.internal.tasks.testing.junitplatform.JUnitPlatformTestClassProcessor$CollectAllTestClassesExecutor.processAllTestClasses(JUnitPlatformTestClassProcessor.java:99)
	at org.gradle.api.internal.tasks.testing.junitplatform.JUnitPlatformTestClassProcessor$CollectAllTestClassesExecutor.access$000(JUnitPlatformTestClassProcessor.java:79)
	at org.gradle.api.internal.tasks.testing.junitplatform.JUnitPlatformTestClassProcessor.stop(JUnitPlatformTestClassProcessor.java:75)
	at org.gradle.api.internal.tasks.testing.SuiteTestClassProcessor.stop(SuiteTestClassProcessor.java:61)
	at java.base@17.0.1/jdk.internal.reflect.NativeMethodAccessorImpl.invoke0(Native Method)
	at java.base@17.0.1/jdk.internal.reflect.NativeMethodAccessorImpl.invoke(NativeMethodAccessorImpl.java:77)
	at java.base@17.0.1/jdk.internal.reflect.DelegatingMethodAccessorImpl.invoke(DelegatingMethodAccessorImpl.java:43)
	at java.base@17.0.1/java.lang.reflect.Method.invoke(Method.java:568)
	at org.gradle.internal.dispatch.ReflectionDispatch.dispatch(ReflectionDispatch.java:36)
	at org.gradle.internal.dispatch.ReflectionDispatch.dispatch(ReflectionDispatch.java:24)
	at org.gradle.internal.dispatch.ContextClassLoaderDispatch.dispatch(ContextClassLoaderDispatch.java:33)
	at org.gradle.internal.dispatch.ProxyDispatchAdapter$DispatchingInvocationHandler.invoke(ProxyDispatchAdapter.java:94)
	at jdk.proxy1/jdk.proxy1.$Proxy2.stop(Unknown Source)
	at org.gradle.api.internal.tasks.testing.worker.TestWorker$3.run(TestWorker.java:193)
	at org.gradle.api.internal.tasks.testing.worker.TestWorker.executeAndMaintainThreadName(TestWorker.java:129)
	at org.gradle.api.internal.tasks.testing.worker.TestWorker.execute(TestWorker.java:100)
	at org.gradle.api.internal.tasks.testing.worker.TestWorker.execute(TestWorker.java:60)
	at org.gradle.process.internal.worker.child.ActionExecutionWorker.execute(ActionExecutionWorker.java:56)
	at org.gradle.process.internal.worker.child.SystemApplicationClassLoaderWorker.call(SystemApplicationClassLoaderWorker.java:133)
	at org.gradle.process.internal.worker.child.SystemApplicationClassLoaderWorker.call(SystemApplicationClassLoaderWorker.java:71)
	at app//worker.org.gradle.process.internal.worker.GradleWorkerMain.run(GradleWorkerMain.java:69)
	at app//worker.org.gradle.process.internal.worker.GradleWorkerMain.main(GradleWorkerMain.java:74)
</failure>
  </testcase>
  <system-out><![CDATA[16:08:58,663 |-INFO in ch.qos.logback.classic.LoggerContext[default] - This is logback-classic version 1.4.5
16:08:58,706 |-INFO in ch.qos.logback.classic.LoggerContext[default] - Could NOT find resource [logback-test.xml]
16:08:58,709 |-INFO in ch.qos.logback.classic.LoggerContext[default] - Found resource [logback.xml] at [file:/Users/diegogarcia/Desktop/TFG/Diego/TFGgraphqlDGS/graphql_js_apollo_30_05_2023/build/processedResources/jvm/test/logback.xml]
16:08:58,711 |-WARN in ch.qos.logback.classic.util.DefaultJoranConfigurator@31a1b37b - Resource [logback.xml] occurs multiple times on the classpath.
16:08:58,712 |-WARN in ch.qos.logback.classic.util.DefaultJoranConfigurator@31a1b37b - Resource [logback.xml] occurs at [file:/Users/diegogarcia/Desktop/TFG/Diego/TFGgraphqlDGS/graphql_js_apollo_30_05_2023/build/processedResources/jvm/test/logback.xml]
16:08:58,712 |-WARN in ch.qos.logback.classic.util.DefaultJoranConfigurator@31a1b37b - Resource [logback.xml] occurs at [file:/Users/diegogarcia/Desktop/TFG/Diego/TFGgraphqlDGS/graphql_js_apollo_30_05_2023/build/processedResources/jvm/main/logback.xml]
16:08:59,027 |-INFO in ch.qos.logback.core.model.processor.AppenderModelHandler - Processing appender named [console]
16:08:59,027 |-INFO in ch.qos.logback.core.model.processor.AppenderModelHandler - About to instantiate appender of type [ch.qos.logback.core.ConsoleAppender]
16:08:59,057 |-INFO in ch.qos.logback.core.model.processor.ImplicitModelHandler - Assuming default type [ch.qos.logback.classic.encoder.PatternLayoutEncoder] for [encoder] property
16:08:59,163 |-INFO in ch.qos.logback.classic.model.processor.RootLoggerModelHandler - Setting level of ROOT logger to INFO
16:08:59,163 |-INFO in ch.qos.logback.core.model.processor.AppenderRefModelHandler - Attaching appender named [console] to Logger[ROOT]
16:08:59,167 |-INFO in ch.qos.logback.classic.model.processor.LoggerModelHandler - Setting level of logger [loggerTest] to DEBUG
16:08:59,167 |-INFO in ch.qos.logback.core.model.processor.DefaultProcessor@640c2749 - End of configuration.
16:08:59,170 |-INFO in ch.qos.logback.classic.joran.JoranConfigurator@57ab7b32 - Registering current configuration as safe fallback point

2023-06-22 16:08:59,639 ?[32m[Test worker]?[0;39m ?[34mINFO?[0;39m o.s.t.c.support.AnnotationConfigContextLoaderUtils - Could not detect default configuration classes for test class [es.unizar.iaaa.tfg.adapters.mutations.TestFilterFields]: TestFilterFields does not declare any static, non-private, non-final, nested classes annotated with @Configuration.
2023-06-22 16:09:00,233 ?[32m[Test worker]?[0;39m ?[34mINFO?[0;39m o.s.b.t.context.SpringBootTestContextBootstrapper - Found @SpringBootConfiguration es.unizar.iaaa.tfg.GraphqlDgsApplication for test class es.unizar.iaaa.tfg.adapters.mutations.TestFilterFields

  .   ____          _            __ _ _
 /\\ / ___'_ __ _ _(_)_ __  __ _ \ \ \ \
( ( )\___ | '_ | '_| | '_ \/ _` | \ \ \ \
 \\/  ___)| |_)| | | | | || (_| |  ) ) ) )
  '  |____| .__|_| |_|_| |_\__, | / / / /
 =========|_|==============|___/=/_/_/_/
 :: Spring Boot ::                (v3.0.1)

2023-06-22 16:09:01,957 ?[32m[Test worker]?[0;39m ?[31mWARN?[0;39m o.s.b.t.j.DuplicateJsonObjectContextCustomizerFactory$DuplicateJsonObjectContextCustomizer - 

Found multiple occurrences of org.json.JSONObject on the class path:

	jar:file:/Users/diegogarcia/.gradle/caches/modules-2/files-2.1/org.json/json/20090211/c183aa3a2a6250293808bba12262c8920ce5a51c/json-20090211.jar!/org/json/JSONObject.class
	jar:file:/Users/diegogarcia/.gradle/caches/modules-2/files-2.1/com.vaadin.external.google/android-json/0.0.20131108.vaadin1/fa26d351fe62a6a17f5cda1287c1c6110dec413f/android-json-0.0.20131108.vaadin1.jar!/org/json/JSONObject.class

You may wish to exclude one of them to ensure predictable runtime behavior

2023-06-22 16:09:02,026 ?[32m[Test worker]?[0;39m ?[34mINFO?[0;39m e.u.iaaa.tfg.adapters.mutations.TestFilterFields - Starting TestFilterFields using Java 17.0.1 with PID 77394 (started by diegogarcia in /Users/diegogarcia/Desktop/TFG/Diego/TFGgraphqlDGS/graphql_js_apollo_30_05_2023)
2023-06-22 16:09:02,028 ?[32m[Test worker]?[0;39m ?[34mINFO?[0;39m e.u.iaaa.tfg.adapters.mutations.TestFilterFields - No active profile set, falling back to 1 default profile: "default"
2023-06-22 16:09:02,205 ?[32m[Test worker]?[0;39m ?[39mDEBUG?[0;39m o.s.w.context.support.GenericWebApplicationContext - Refreshing org.springframework.web.context.support.GenericWebApplicationContext@62edef46
2023-06-22 16:09:06,875 ?[32m[Test worker]?[0;39m ?[34mINFO?[0;39m o.s.d.r.config.RepositoryConfigurationDelegate - Multiple Spring Data modules found, entering strict repository configuration mode
2023-06-22 16:09:06,881 ?[32m[Test worker]?[0;39m ?[34mINFO?[0;39m o.s.d.r.config.RepositoryConfigurationDelegate - Bootstrapping Spring Data JPA repositories in DEFAULT mode.
2023-06-22 16:09:07,605 ?[32m[Test worker]?[0;39m ?[34mINFO?[0;39m o.s.d.r.c.RepositoryConfigurationExtensionSupport - Spring Data JPA - Could not safely identify store assignment for repository candidate interface es.unizar.iaaa.tfg.repository.RedisRepository; If you want this repository to be a JPA repository, consider annotating your entities with one of these annotations: jakarta.persistence.Entity, jakarta.persistence.MappedSuperclass (preferred), or consider extending one of the following types with your repository: org.springframework.data.jpa.repository.JpaRepository
2023-06-22 16:09:07,735 ?[32m[Test worker]?[0;39m ?[34mINFO?[0;39m o.s.d.r.config.RepositoryConfigurationDelegate - Finished Spring Data repository scanning in 825 ms. Found 19 JPA repository interfaces.
2023-06-22 16:09:07,793 ?[32m[Test worker]?[0;39m ?[34mINFO?[0;39m o.s.d.r.config.RepositoryConfigurationDelegate - Multiple Spring Data modules found, entering strict repository configuration mode
2023-06-22 16:09:07,798 ?[32m[Test worker]?[0;39m ?[34mINFO?[0;39m o.s.d.r.config.RepositoryConfigurationDelegate - Bootstrapping Spring Data Redis repositories in DEFAULT mode.
2023-06-22 16:09:07,872 ?[32m[Test worker]?[0;39m ?[34mINFO?[0;39m o.s.d.r.c.RepositoryConfigurationExtensionSupport - Spring Data Redis - Could not safely identify store assignment for repository candidate interface es.unizar.iaaa.tfg.repository.CatalogRecordsRepository; If you want this repository to be a Redis repository, consider annotating your entities with one of these annotations: org.springframework.data.redis.core.RedisHash (preferred), or consider extending one of the following types with your repository: org.springframework.data.keyvalue.repository.KeyValueRepository
2023-06-22 16:09:07,874 ?[32m[Test worker]?[0;39m ?[34mINFO?[0;39m o.s.d.r.c.RepositoryConfigurationExtensionSupport - Spring Data Redis - Could not safely identify store assignment for repository candidate interface es.unizar.iaaa.tfg.repository.CatalogRepository; If you want this repository to be a Redis repository, consider annotating your entities with one of these annotations: org.springframework.data.redis.core.RedisHash (preferred), or consider extending one of the following types with your repository: org.springframework.data.keyvalue.repository.KeyValueRepository
2023-06-22 16:09:07,875 ?[32m[Test worker]?[0;39m ?[34mINFO?[0;39m o.s.d.r.c.RepositoryConfigurationExtensionSupport - Spring Data Redis - Could not safely identify store assignment for repository candidate interface es.unizar.iaaa.tfg.repository.DataServiceRepository; If you want this repository to be a Redis repository, consider annotating your entities with one of these annotations: org.springframework.data.redis.core.RedisHash (preferred), or consider extending one of the following types with your repository: org.springframework.data.keyvalue.repository.KeyValueRepository
2023-06-22 16:09:07,876 ?[32m[Test worker]?[0;39m ?[34mINFO?[0;39m o.s.d.r.c.RepositoryConfigurationExtensionSupport - Spring Data Redis - Could not safely identify store assignment for repository candidate interface es.unizar.iaaa.tfg.repository.DatasetRepository; If you want this repository to be a Redis repository, consider annotating your entities with one of these annotations: org.springframework.data.redis.core.RedisHash (preferred), or consider extending one of the following types with your repository: org.springframework.data.keyvalue.repository.KeyValueRepository
2023-06-22 16:09:07,876 ?[32m[Test worker]?[0;39m ?[34mINFO?[0;39m o.s.d.r.c.RepositoryConfigurationExtensionSupport - Spring Data Redis - Could not safely identify store assignment for repository candidate interface es.unizar.iaaa.tfg.repository.DatasetSeriesRepository; If you want this repository to be a Redis repository, consider annotating your entities with one of these annotations: org.springframework.data.redis.core.RedisHash (preferred), or consider extending one of the following types with your repository: org.springframework.data.keyvalue.repository.KeyValueRepository
2023-06-22 16:09:07,877 ?[32m[Test worker]?[0;39m ?[34mINFO?[0;39m o.s.d.r.c.RepositoryConfigurationExtensionSupport - Spring Data Redis - Could not safely identify store assignment for repository candidate interface es.unizar.iaaa.tfg.repository.DescriptionRepository; If you want this repository to be a Redis repository, consider annotating your entities with one of these annotations: org.springframework.data.redis.core.RedisHash (preferred), or consider extending one of the following types with your repository: org.springframework.data.keyvalue.repository.KeyValueRepository
2023-06-22 16:09:07,878 ?[32m[Test worker]?[0;39m ?[34mINFO?[0;39m o.s.d.r.c.RepositoryConfigurationExtensionSupport - Spring Data Redis - Could not safely identify store assignment for repository candidate interface es.unizar.iaaa.tfg.repository.DistributionRepository; If you want this repository to be a Redis repository, consider annotating your entities with one of these annotations: org.springframework.data.redis.core.RedisHash (preferred), or consider extending one of the following types with your repository: org.springframework.data.keyvalue.repository.KeyValueRepository
2023-06-22 16:09:07,879 ?[32m[Test worker]?[0;39m ?[34mINFO?[0;39m o.s.d.r.c.RepositoryConfigurationExtensionSupport - Spring Data Redis - Could not safely identify store assignment for repository candidate interface es.unizar.iaaa.tfg.repository.HintsRepository; If you want this repository to be a Redis repository, consider annotating your entities with one of these annotations: org.springframework.data.redis.core.RedisHash (preferred), or consider extending one of the following types with your repository: org.springframework.data.keyvalue.repository.KeyValueRepository
2023-06-22 16:09:07,880 ?[32m[Test worker]?[0;39m ?[34mINFO?[0;39m o.s.d.r.c.RepositoryConfigurationExtensionSupport - Spring Data Redis - Could not safely identify store assignment for repository candidate interface es.unizar.iaaa.tfg.repository.IdentifierRepository; If you want this repository to be a Redis repository, consider annotating your entities with one of these annotations: org.springframework.data.redis.core.RedisHash (preferred), or consider extending one of the following types with your repository: org.springframework.data.keyvalue.repository.KeyValueRepository
2023-06-22 16:09:07,881 ?[32m[Test worker]?[0;39m ?[34mINFO?[0;39m o.s.d.r.c.RepositoryConfigurationExtensionSupport - Spring Data Redis - Could not safely identify store assignment for repository candidate interface es.unizar.iaaa.tfg.repository.KeywordRepository; If you want this repository to be a Redis repository, consider annotating your entities with one of these annotations: org.springframework.data.redis.core.RedisHash (preferred), or consider extending one of the following types with your repository: org.springframework.data.keyvalue.repository.KeyValueRepository
2023-06-22 16:09:07,882 ?[32m[Test worker]?[0;39m ?[34mINFO?[0;39m o.s.d.r.c.RepositoryConfigurationExtensionSupport - Spring Data Redis - Could not safely identify store assignment for repository candidate interface es.unizar.iaaa.tfg.repository.LanguageRepository; If you want this repository to be a Redis repository, consider annotating your entities with one of these annotations: org.springframework.data.redis.core.RedisHash (preferred), or consider extending one of the following types with your repository: org.springframework.data.keyvalue.repository.KeyValueRepository
2023-06-22 16:09:07,883 ?[32m[Test worker]?[0;39m ?[34mINFO?[0;39m o.s.d.r.c.RepositoryConfigurationExtensionSupport - Spring Data Redis - Could not safely identify store assignment for repository candidate interface es.unizar.iaaa.tfg.repository.LocationRepository; If you want this repository to be a Redis repository, consider annotating your entities with one of these annotations: org.springframework.data.redis.core.RedisHash (preferred), or consider extending one of the following types with your repository: org.springframework.data.keyvalue.repository.KeyValueRepository
2023-06-22 16:09:07,883 ?[32m[Test worker]?[0;39m ?[34mINFO?[0;39m o.s.d.r.c.RepositoryConfigurationExtensionSupport - Spring Data Redis - Could not safely identify store assignment for repository candidate interface es.unizar.iaaa.tfg.repository.PublisherRepository; If you want this repository to be a Redis repository, consider annotating your entities with one of these annotations: org.springframework.data.redis.core.RedisHash (preferred), or consider extending one of the following types with your repository: org.springframework.data.keyvalue.repository.KeyValueRepository
2023-06-22 16:09:07,884 ?[32m[Test worker]?[0;39m ?[34mINFO?[0;39m o.s.d.r.c.RepositoryConfigurationExtensionSupport - Spring Data Redis - Could not safely identify store assignment for repository candidate interface es.unizar.iaaa.tfg.repository.RegulationsRepository; If you want this repository to be a Redis repository, consider annotating your entities with one of these annotations: org.springframework.data.redis.core.RedisHash (preferred), or consider extending one of the following types with your repository: org.springframework.data.keyvalue.repository.KeyValueRepository
2023-06-22 16:09:07,886 ?[32m[Test worker]?[0;39m ?[34mINFO?[0;39m o.s.d.r.c.RepositoryConfigurationExtensionSupport - Spring Data Redis - Could not safely identify store assignment for repository candidate interface es.unizar.iaaa.tfg.repository.RelatedResourcesRepository; If you want this repository to be a Redis repository, consider annotating your entities with one of these annotations: org.springframework.data.redis.core.RedisHash (preferred), or consider extending one of the following types with your repository: org.springframework.data.keyvalue.repository.KeyValueRepository
2023-06-22 16:09:07,887 ?[32m[Test worker]?[0;39m ?[34mINFO?[0;39m o.s.d.r.c.RepositoryConfigurationExtensionSupport - Spring Data Redis - Could not safely identify store assignment for repository candidate interface es.unizar.iaaa.tfg.repository.ResourceRepository; If you want this repository to be a Redis repository, consider annotating your entities with one of these annotations: org.springframework.data.redis.core.RedisHash (preferred), or consider extending one of the following types with your repository: org.springframework.data.keyvalue.repository.KeyValueRepository
2023-06-22 16:09:07,888 ?[32m[Test worker]?[0;39m ?[34mINFO?[0;39m o.s.d.r.c.RepositoryConfigurationExtensionSupport - Spring Data Redis - Could not safely identify store assignment for repository candidate interface es.unizar.iaaa.tfg.repository.ThemeRepository; If you want this repository to be a Redis repository, consider annotating your entities with one of these annotations: org.springframework.data.redis.core.RedisHash (preferred), or consider extending one of the following types with your repository: org.springframework.data.keyvalue.repository.KeyValueRepository
2023-06-22 16:09:07,889 ?[32m[Test worker]?[0;39m ?[34mINFO?[0;39m o.s.d.r.c.RepositoryConfigurationExtensionSupport - Spring Data Redis - Could not safely identify store assignment for repository candidate interface es.unizar.iaaa.tfg.repository.TitleDistributionRepository; If you want this repository to be a Redis repository, consider annotating your entities with one of these annotations: org.springframework.data.redis.core.RedisHash (preferred), or consider extending one of the following types with your repository: org.springframework.data.keyvalue.repository.KeyValueRepository
2023-06-22 16:09:07,889 ?[32m[Test worker]?[0;39m ?[34mINFO?[0;39m o.s.d.r.c.RepositoryConfigurationExtensionSupport - Spring Data Redis - Could not safely identify store assignment for repository candidate interface es.unizar.iaaa.tfg.repository.TitleResourceRepository; If you want this repository to be a Redis repository, consider annotating your entities with one of these annotations: org.springframework.data.redis.core.RedisHash (preferred), or consider extending one of the following types with your repository: org.springframework.data.keyvalue.repository.KeyValueRepository
2023-06-22 16:09:07,909 ?[32m[Test worker]?[0;39m ?[34mINFO?[0;39m o.s.d.r.config.RepositoryConfigurationDelegate - Finished Spring Data repository scanning in 61 ms. Found 1 Redis repository interfaces.
2023-06-22 16:09:10,983 ?[32m[Test worker]?[0;39m ?[34mINFO?[0;39m com.zaxxer.hikari.HikariDataSource - HikariPool-1 - Starting...
2023-06-22 16:09:11,917 ?[32m[Test worker]?[0;39m ?[34mINFO?[0;39m com.zaxxer.hikari.pool.HikariPool - HikariPool-1 - Added connection org.postgresql.jdbc.PgConnection@192a8333
2023-06-22 16:09:11,926 ?[32m[Test worker]?[0;39m ?[34mINFO?[0;39m com.zaxxer.hikari.HikariDataSource - HikariPool-1 - Start completed.
2023-06-22 16:09:12,084 ?[32m[Test worker]?[0;39m ?[34mINFO?[0;39m SQL dialect - HHH000400: Using dialect: org.hibernate.dialect.PostgreSQLDialect
2023-06-22 16:09:17,208 ?[32m[Test worker]?[0;39m ?[34mINFO?[0;39m o.s.orm.jpa.LocalContainerEntityManagerFactoryBean - Initialized JPA EntityManagerFactory for persistence unit 'default'
2023-06-22 16:09:20,787 ?[32m[Test worker]?[0;39m ?[31mWARN?[0;39m o.s.b.a.o.j.JpaBaseConfiguration$JpaWebConfiguration - spring.jpa.open-in-view is enabled by default. Therefore, database queries may be performed during view rendering. Explicitly configure spring.jpa.open-in-view to disable this warning
2023-06-22 16:09:21,255 ?[32m[Test worker]?[0;39m ?[39mDEBUG?[0;39m o.s.w.s.m.m.a.RequestMappingHandlerAdapter - ControllerAdvice beans: 0 @ModelAttribute, 0 @InitBinder, 1 RequestBodyAdvice, 1 ResponseBodyAdvice
2023-06-22 16:09:23,979 ?[32m[Test worker]?[0;39m ?[39mDEBUG?[0;39m o.s.w.s.m.m.a.RequestMappingHandlerMapping - 5 mappings in 'requestMappingHandlerMapping'
2023-06-22 16:09:23,994 ?[32m[Test worker]?[0;39m ?[39mDEBUG?[0;39m o.s.web.servlet.handler.SimpleUrlHandlerMapping - Patterns [/graphiql, /graphiql/] in 'viewControllerHandlerMapping'
2023-06-22 16:09:24,017 ?[32m[Test worker]?[0;39m ?[34mINFO?[0;39m c.n.g.dgs.webmvc.autoconfigure.GraphiQLConfigurer - Configuring GraphiQL to use GraphQL endpoint at '/graphql'
2023-06-22 16:09:24,054 ?[32m[Test worker]?[0;39m ?[39mDEBUG?[0;39m o.s.web.servlet.handler.SimpleUrlHandlerMapping - Patterns [/webjars/**, /**, /graphiql/**] in 'resourceHandlerMapping'
2023-06-22 16:09:24,080 ?[32m[Test worker]?[0;39m ?[39mDEBUG?[0;39m o.s.w.s.m.m.a.ExceptionHandlerExceptionResolver - ControllerAdvice beans: 0 @ExceptionHandler, 1 ResponseBodyAdvice
2023-06-22 16:09:25,679 ?[32m[Test worker]?[0;39m ?[34mINFO?[0;39m e.u.iaaa.tfg.adapters.mutations.TestFilterFields - Started TestFilterFields in 24.515 seconds (process running for 29.456)
2023-06-22 16:09:26,466 ?[32m[Test worker]?[0;39m ?[39mDEBUG?[0;39m o.s.w.context.support.GenericWebApplicationContext - Closing org.springframework.web.context.support.GenericWebApplicationContext@62edef46, started on Thu Jun 22 16:09:02 CEST 2023
2023-06-22 16:09:26,507 ?[32m[Test worker]?[0;39m ?[34mINFO?[0;39m o.s.orm.jpa.LocalContainerEntityManagerFactoryBean - Closing JPA EntityManagerFactory for persistence unit 'default'
2023-06-22 16:09:26,512 ?[32m[Test worker]?[0;39m ?[34mINFO?[0;39m com.zaxxer.hikari.HikariDataSource - HikariPool-1 - Shutdown initiated...
2023-06-22 16:09:26,523 ?[32m[Test worker]?[0;39m ?[34mINFO?[0;39m com.zaxxer.hikari.HikariDataSource - HikariPool-1 - Shutdown completed.
]]></system-out>
  <system-err><![CDATA[[2023.06.22 16:09:01] (Coverage): Error during class instrumentation: org.springframework.boot.logging.log4j2.Log4J2LoggingSystem: java.lang.RuntimeException: java.io.IOException: Class org/apache/logging/log4j/core/config/composite/CompositeConfiguration not found
[2023.06.22 16:09:03] (Coverage): Error during class instrumentation: org.springframework.mail.javamail.JavaMailSenderImpl: java.lang.RuntimeException: java.io.IOException: Class jakarta/mail/internet/MimeMessage not found
]]></system-err>
</testsuite>
