<?xml version="1.0" encoding="UTF-8"?>
<testsuite name="es.unizar.iaaa.tfg.adapters.mutationsCsv.TestsFicheroCsv" tests="1" skipped="0" failures="0" errors="0" timestamp="2023-05-22T09:08:02" hostname="MacBook-Air-de-diego.local" time="1.523">
  <properties/>
  <testcase name="GetAllAdminLevel()[jvm]" classname="es.unizar.iaaa.tfg.adapters.mutationsCsv.TestsFicheroCsv" time="1.523"/>
  <system-out><![CDATA[11:07:36,706 |-INFO in ch.qos.logback.classic.LoggerContext[default] - This is logback-classic version 1.4.5
11:07:36,751 |-INFO in ch.qos.logback.classic.LoggerContext[default] - Could NOT find resource [logback-test.xml]
11:07:36,756 |-INFO in ch.qos.logback.classic.LoggerContext[default] - Found resource [logback.xml] at [file:/Users/diegogarcia/Desktop/TFG/Diego/TFGgraphqlDGS/graphql_js_apollo_21_05_2023/build/processedResources/jvm/test/logback.xml]
11:07:36,758 |-WARN in ch.qos.logback.classic.util.DefaultJoranConfigurator@60dd53e9 - Resource [logback.xml] occurs multiple times on the classpath.
11:07:36,758 |-WARN in ch.qos.logback.classic.util.DefaultJoranConfigurator@60dd53e9 - Resource [logback.xml] occurs at [file:/Users/diegogarcia/Desktop/TFG/Diego/TFGgraphqlDGS/graphql_js_apollo_21_05_2023/build/processedResources/jvm/test/logback.xml]
11:07:36,758 |-WARN in ch.qos.logback.classic.util.DefaultJoranConfigurator@60dd53e9 - Resource [logback.xml] occurs at [file:/Users/diegogarcia/Desktop/TFG/Diego/TFGgraphqlDGS/graphql_js_apollo_21_05_2023/build/processedResources/jvm/main/logback.xml]
11:07:37,055 |-INFO in ch.qos.logback.core.model.processor.AppenderModelHandler - Processing appender named [console]
11:07:37,055 |-INFO in ch.qos.logback.core.model.processor.AppenderModelHandler - About to instantiate appender of type [ch.qos.logback.core.ConsoleAppender]
11:07:37,081 |-INFO in ch.qos.logback.core.model.processor.ImplicitModelHandler - Assuming default type [ch.qos.logback.classic.encoder.PatternLayoutEncoder] for [encoder] property
11:07:37,183 |-INFO in ch.qos.logback.classic.model.processor.RootLoggerModelHandler - Setting level of ROOT logger to INFO
11:07:37,183 |-INFO in ch.qos.logback.core.model.processor.AppenderRefModelHandler - Attaching appender named [console] to Logger[ROOT]
11:07:37,186 |-INFO in ch.qos.logback.classic.model.processor.LoggerModelHandler - Setting level of logger [loggerTest] to DEBUG
11:07:37,186 |-INFO in ch.qos.logback.core.model.processor.DefaultProcessor@eb7d4ba - End of configuration.
11:07:37,189 |-INFO in ch.qos.logback.classic.joran.JoranConfigurator@699794d - Registering current configuration as safe fallback point

2023-05-22 11:07:37,625 ?[32m[Test worker]?[0;39m ?[34mINFO?[0;39m o.s.t.c.support.AnnotationConfigContextLoaderUtils - Could not detect default configuration classes for test class [es.unizar.iaaa.tfg.adapters.mutationsCsv.TestsFicheroCsv]: TestsFicheroCsv does not declare any static, non-private, non-final, nested classes annotated with @Configuration.
2023-05-22 11:07:38,093 ?[32m[Test worker]?[0;39m ?[34mINFO?[0;39m o.s.b.t.context.SpringBootTestContextBootstrapper - Found @SpringBootConfiguration es.unizar.iaaa.tfg.GraphqlDgsApplication for test class es.unizar.iaaa.tfg.adapters.mutationsCsv.TestsFicheroCsv

  .   ____          _            __ _ _
 /\\ / ___'_ __ _ _(_)_ __  __ _ \ \ \ \
( ( )\___ | '_ | '_| | '_ \/ _` | \ \ \ \
 \\/  ___)| |_)| | | | | || (_| |  ) ) ) )
  '  |____| .__|_| |_|_| |_\__, | / / / /
 =========|_|==============|___/=/_/_/_/
 :: Spring Boot ::                (v3.0.1)

2023-05-22 11:07:39,446 ?[32m[Test worker]?[0;39m ?[31mWARN?[0;39m o.s.b.t.j.DuplicateJsonObjectContextCustomizerFactory$DuplicateJsonObjectContextCustomizer - 

Found multiple occurrences of org.json.JSONObject on the class path:

	jar:file:/Users/diegogarcia/.gradle/caches/modules-2/files-2.1/org.json/json/20090211/c183aa3a2a6250293808bba12262c8920ce5a51c/json-20090211.jar!/org/json/JSONObject.class
	jar:file:/Users/diegogarcia/.gradle/caches/modules-2/files-2.1/com.vaadin.external.google/android-json/0.0.20131108.vaadin1/fa26d351fe62a6a17f5cda1287c1c6110dec413f/android-json-0.0.20131108.vaadin1.jar!/org/json/JSONObject.class

You may wish to exclude one of them to ensure predictable runtime behavior

2023-05-22 11:07:39,527 ?[32m[Test worker]?[0;39m ?[34mINFO?[0;39m e.u.iaaa.tfg.adapters.mutationsCsv.TestsFicheroCsv - Starting TestsFicheroCsv using Java 17.0.1 with PID 42562 (started by diegogarcia in /Users/diegogarcia/Desktop/TFG/Diego/TFGgraphqlDGS/graphql_js_apollo_21_05_2023)
2023-05-22 11:07:39,528 ?[32m[Test worker]?[0;39m ?[34mINFO?[0;39m e.u.iaaa.tfg.adapters.mutationsCsv.TestsFicheroCsv - No active profile set, falling back to 1 default profile: "default"
2023-05-22 11:07:39,656 ?[32m[Test worker]?[0;39m ?[39mDEBUG?[0;39m o.s.w.context.support.GenericWebApplicationContext - Refreshing org.springframework.web.context.support.GenericWebApplicationContext@4904144d
2023-05-22 11:07:42,104 ?[32m[Test worker]?[0;39m ?[34mINFO?[0;39m o.s.d.r.config.RepositoryConfigurationDelegate - Multiple Spring Data modules found, entering strict repository configuration mode
2023-05-22 11:07:42,104 ?[32m[Test worker]?[0;39m ?[34mINFO?[0;39m o.s.d.r.config.RepositoryConfigurationDelegate - Bootstrapping Spring Data Redis repositories in DEFAULT mode.
2023-05-22 11:07:42,270 ?[32m[Test worker]?[0;39m ?[34mINFO?[0;39m o.s.d.r.config.RepositoryConfigurationDelegate - Finished Spring Data repository scanning in 35 ms. Found 0 Redis repository interfaces.
2023-05-22 11:07:45,164 ?[32m[Test worker]?[0;39m ?[34mINFO?[0;39m o.s.d.r.config.RepositoryConfigurationDelegate - Multiple Spring Data modules found, entering strict repository configuration mode
2023-05-22 11:07:45,167 ?[32m[Test worker]?[0;39m ?[34mINFO?[0;39m o.s.d.r.config.RepositoryConfigurationDelegate - Bootstrapping Spring Data JPA repositories in DEFAULT mode.
2023-05-22 11:07:45,740 ?[32m[Test worker]?[0;39m ?[34mINFO?[0;39m o.s.d.r.c.RepositoryConfigurationExtensionSupport - Spring Data JPA - Could not safely identify store assignment for repository candidate interface es.unizar.iaaa.tfg.repository.RedisRepository; If you want this repository to be a JPA repository, consider annotating your entities with one of these annotations: jakarta.persistence.Entity, jakarta.persistence.MappedSuperclass (preferred), or consider extending one of the following types with your repository: org.springframework.data.jpa.repository.JpaRepository
2023-05-22 11:07:45,858 ?[32m[Test worker]?[0;39m ?[34mINFO?[0;39m o.s.d.r.config.RepositoryConfigurationDelegate - Finished Spring Data repository scanning in 680 ms. Found 19 JPA repository interfaces.
2023-05-22 11:07:45,889 ?[32m[Test worker]?[0;39m ?[34mINFO?[0;39m o.s.d.r.config.RepositoryConfigurationDelegate - Multiple Spring Data modules found, entering strict repository configuration mode
2023-05-22 11:07:45,889 ?[32m[Test worker]?[0;39m ?[34mINFO?[0;39m o.s.d.r.config.RepositoryConfigurationDelegate - Bootstrapping Spring Data Redis repositories in DEFAULT mode.
2023-05-22 11:07:45,927 ?[32m[Test worker]?[0;39m ?[34mINFO?[0;39m o.s.d.r.c.RepositoryConfigurationExtensionSupport - Spring Data Redis - Could not safely identify store assignment for repository candidate interface es.unizar.iaaa.tfg.repository.CatalogRecordsRepository; If you want this repository to be a Redis repository, consider annotating your entities with one of these annotations: org.springframework.data.redis.core.RedisHash (preferred), or consider extending one of the following types with your repository: org.springframework.data.keyvalue.repository.KeyValueRepository
2023-05-22 11:07:45,931 ?[32m[Test worker]?[0;39m ?[34mINFO?[0;39m o.s.d.r.c.RepositoryConfigurationExtensionSupport - Spring Data Redis - Could not safely identify store assignment for repository candidate interface es.unizar.iaaa.tfg.repository.CatalogRepository; If you want this repository to be a Redis repository, consider annotating your entities with one of these annotations: org.springframework.data.redis.core.RedisHash (preferred), or consider extending one of the following types with your repository: org.springframework.data.keyvalue.repository.KeyValueRepository
2023-05-22 11:07:45,932 ?[32m[Test worker]?[0;39m ?[34mINFO?[0;39m o.s.d.r.c.RepositoryConfigurationExtensionSupport - Spring Data Redis - Could not safely identify store assignment for repository candidate interface es.unizar.iaaa.tfg.repository.DataServiceRepository; If you want this repository to be a Redis repository, consider annotating your entities with one of these annotations: org.springframework.data.redis.core.RedisHash (preferred), or consider extending one of the following types with your repository: org.springframework.data.keyvalue.repository.KeyValueRepository
2023-05-22 11:07:45,933 ?[32m[Test worker]?[0;39m ?[34mINFO?[0;39m o.s.d.r.c.RepositoryConfigurationExtensionSupport - Spring Data Redis - Could not safely identify store assignment for repository candidate interface es.unizar.iaaa.tfg.repository.DatasetRepository; If you want this repository to be a Redis repository, consider annotating your entities with one of these annotations: org.springframework.data.redis.core.RedisHash (preferred), or consider extending one of the following types with your repository: org.springframework.data.keyvalue.repository.KeyValueRepository
2023-05-22 11:07:45,934 ?[32m[Test worker]?[0;39m ?[34mINFO?[0;39m o.s.d.r.c.RepositoryConfigurationExtensionSupport - Spring Data Redis - Could not safely identify store assignment for repository candidate interface es.unizar.iaaa.tfg.repository.DatasetSeriesRepository; If you want this repository to be a Redis repository, consider annotating your entities with one of these annotations: org.springframework.data.redis.core.RedisHash (preferred), or consider extending one of the following types with your repository: org.springframework.data.keyvalue.repository.KeyValueRepository
2023-05-22 11:07:45,936 ?[32m[Test worker]?[0;39m ?[34mINFO?[0;39m o.s.d.r.c.RepositoryConfigurationExtensionSupport - Spring Data Redis - Could not safely identify store assignment for repository candidate interface es.unizar.iaaa.tfg.repository.DescriptionRepository; If you want this repository to be a Redis repository, consider annotating your entities with one of these annotations: org.springframework.data.redis.core.RedisHash (preferred), or consider extending one of the following types with your repository: org.springframework.data.keyvalue.repository.KeyValueRepository
2023-05-22 11:07:45,937 ?[32m[Test worker]?[0;39m ?[34mINFO?[0;39m o.s.d.r.c.RepositoryConfigurationExtensionSupport - Spring Data Redis - Could not safely identify store assignment for repository candidate interface es.unizar.iaaa.tfg.repository.DistributionRepository; If you want this repository to be a Redis repository, consider annotating your entities with one of these annotations: org.springframework.data.redis.core.RedisHash (preferred), or consider extending one of the following types with your repository: org.springframework.data.keyvalue.repository.KeyValueRepository
2023-05-22 11:07:45,938 ?[32m[Test worker]?[0;39m ?[34mINFO?[0;39m o.s.d.r.c.RepositoryConfigurationExtensionSupport - Spring Data Redis - Could not safely identify store assignment for repository candidate interface es.unizar.iaaa.tfg.repository.HintsRepository; If you want this repository to be a Redis repository, consider annotating your entities with one of these annotations: org.springframework.data.redis.core.RedisHash (preferred), or consider extending one of the following types with your repository: org.springframework.data.keyvalue.repository.KeyValueRepository
2023-05-22 11:07:45,939 ?[32m[Test worker]?[0;39m ?[34mINFO?[0;39m o.s.d.r.c.RepositoryConfigurationExtensionSupport - Spring Data Redis - Could not safely identify store assignment for repository candidate interface es.unizar.iaaa.tfg.repository.IdentifierRepository; If you want this repository to be a Redis repository, consider annotating your entities with one of these annotations: org.springframework.data.redis.core.RedisHash (preferred), or consider extending one of the following types with your repository: org.springframework.data.keyvalue.repository.KeyValueRepository
2023-05-22 11:07:45,940 ?[32m[Test worker]?[0;39m ?[34mINFO?[0;39m o.s.d.r.c.RepositoryConfigurationExtensionSupport - Spring Data Redis - Could not safely identify store assignment for repository candidate interface es.unizar.iaaa.tfg.repository.KeywordRepository; If you want this repository to be a Redis repository, consider annotating your entities with one of these annotations: org.springframework.data.redis.core.RedisHash (preferred), or consider extending one of the following types with your repository: org.springframework.data.keyvalue.repository.KeyValueRepository
2023-05-22 11:07:45,941 ?[32m[Test worker]?[0;39m ?[34mINFO?[0;39m o.s.d.r.c.RepositoryConfigurationExtensionSupport - Spring Data Redis - Could not safely identify store assignment for repository candidate interface es.unizar.iaaa.tfg.repository.LanguageRepository; If you want this repository to be a Redis repository, consider annotating your entities with one of these annotations: org.springframework.data.redis.core.RedisHash (preferred), or consider extending one of the following types with your repository: org.springframework.data.keyvalue.repository.KeyValueRepository
2023-05-22 11:07:45,942 ?[32m[Test worker]?[0;39m ?[34mINFO?[0;39m o.s.d.r.c.RepositoryConfigurationExtensionSupport - Spring Data Redis - Could not safely identify store assignment for repository candidate interface es.unizar.iaaa.tfg.repository.LocationRepository; If you want this repository to be a Redis repository, consider annotating your entities with one of these annotations: org.springframework.data.redis.core.RedisHash (preferred), or consider extending one of the following types with your repository: org.springframework.data.keyvalue.repository.KeyValueRepository
2023-05-22 11:07:45,944 ?[32m[Test worker]?[0;39m ?[34mINFO?[0;39m o.s.d.r.c.RepositoryConfigurationExtensionSupport - Spring Data Redis - Could not safely identify store assignment for repository candidate interface es.unizar.iaaa.tfg.repository.PublisherRepository; If you want this repository to be a Redis repository, consider annotating your entities with one of these annotations: org.springframework.data.redis.core.RedisHash (preferred), or consider extending one of the following types with your repository: org.springframework.data.keyvalue.repository.KeyValueRepository
2023-05-22 11:07:45,945 ?[32m[Test worker]?[0;39m ?[34mINFO?[0;39m o.s.d.r.c.RepositoryConfigurationExtensionSupport - Spring Data Redis - Could not safely identify store assignment for repository candidate interface es.unizar.iaaa.tfg.repository.RegulationsRepository; If you want this repository to be a Redis repository, consider annotating your entities with one of these annotations: org.springframework.data.redis.core.RedisHash (preferred), or consider extending one of the following types with your repository: org.springframework.data.keyvalue.repository.KeyValueRepository
2023-05-22 11:07:45,947 ?[32m[Test worker]?[0;39m ?[34mINFO?[0;39m o.s.d.r.c.RepositoryConfigurationExtensionSupport - Spring Data Redis - Could not safely identify store assignment for repository candidate interface es.unizar.iaaa.tfg.repository.RelatedResourcesRepository; If you want this repository to be a Redis repository, consider annotating your entities with one of these annotations: org.springframework.data.redis.core.RedisHash (preferred), or consider extending one of the following types with your repository: org.springframework.data.keyvalue.repository.KeyValueRepository
2023-05-22 11:07:45,948 ?[32m[Test worker]?[0;39m ?[34mINFO?[0;39m o.s.d.r.c.RepositoryConfigurationExtensionSupport - Spring Data Redis - Could not safely identify store assignment for repository candidate interface es.unizar.iaaa.tfg.repository.ResourceRepository; If you want this repository to be a Redis repository, consider annotating your entities with one of these annotations: org.springframework.data.redis.core.RedisHash (preferred), or consider extending one of the following types with your repository: org.springframework.data.keyvalue.repository.KeyValueRepository
2023-05-22 11:07:45,949 ?[32m[Test worker]?[0;39m ?[34mINFO?[0;39m o.s.d.r.c.RepositoryConfigurationExtensionSupport - Spring Data Redis - Could not safely identify store assignment for repository candidate interface es.unizar.iaaa.tfg.repository.ThemeRepository; If you want this repository to be a Redis repository, consider annotating your entities with one of these annotations: org.springframework.data.redis.core.RedisHash (preferred), or consider extending one of the following types with your repository: org.springframework.data.keyvalue.repository.KeyValueRepository
2023-05-22 11:07:45,950 ?[32m[Test worker]?[0;39m ?[34mINFO?[0;39m o.s.d.r.c.RepositoryConfigurationExtensionSupport - Spring Data Redis - Could not safely identify store assignment for repository candidate interface es.unizar.iaaa.tfg.repository.TitleDistributionRepository; If you want this repository to be a Redis repository, consider annotating your entities with one of these annotations: org.springframework.data.redis.core.RedisHash (preferred), or consider extending one of the following types with your repository: org.springframework.data.keyvalue.repository.KeyValueRepository
2023-05-22 11:07:45,952 ?[32m[Test worker]?[0;39m ?[34mINFO?[0;39m o.s.d.r.c.RepositoryConfigurationExtensionSupport - Spring Data Redis - Could not safely identify store assignment for repository candidate interface es.unizar.iaaa.tfg.repository.TitleResourceRepository; If you want this repository to be a Redis repository, consider annotating your entities with one of these annotations: org.springframework.data.redis.core.RedisHash (preferred), or consider extending one of the following types with your repository: org.springframework.data.keyvalue.repository.KeyValueRepository
2023-05-22 11:07:45,990 ?[32m[Test worker]?[0;39m ?[34mINFO?[0;39m o.s.d.r.config.RepositoryConfigurationDelegate - Finished Spring Data repository scanning in 100 ms. Found 1 Redis repository interfaces.
2023-05-22 11:07:48,972 ?[32m[Test worker]?[0;39m ?[34mINFO?[0;39m com.zaxxer.hikari.HikariDataSource - HikariPool-1 - Starting...
2023-05-22 11:07:49,747 ?[32m[Test worker]?[0;39m ?[34mINFO?[0;39m com.zaxxer.hikari.pool.HikariPool - HikariPool-1 - Added connection org.postgresql.jdbc.PgConnection@3c4b2188
2023-05-22 11:07:49,753 ?[32m[Test worker]?[0;39m ?[34mINFO?[0;39m com.zaxxer.hikari.HikariDataSource - HikariPool-1 - Start completed.
2023-05-22 11:07:49,876 ?[32m[Test worker]?[0;39m ?[34mINFO?[0;39m SQL dialect - HHH000400: Using dialect: org.hibernate.dialect.PostgreSQLDialect
2023-05-22 11:07:54,649 ?[32m[Test worker]?[0;39m ?[34mINFO?[0;39m o.s.orm.jpa.LocalContainerEntityManagerFactoryBean - Initialized JPA EntityManagerFactory for persistence unit 'default'
2023-05-22 11:07:58,256 ?[32m[Test worker]?[0;39m ?[31mWARN?[0;39m o.s.b.a.o.j.JpaBaseConfiguration$JpaWebConfiguration - spring.jpa.open-in-view is enabled by default. Therefore, database queries may be performed during view rendering. Explicitly configure spring.jpa.open-in-view to disable this warning
2023-05-22 11:07:58,711 ?[32m[Test worker]?[0;39m ?[39mDEBUG?[0;39m o.s.w.s.m.m.a.RequestMappingHandlerAdapter - ControllerAdvice beans: 0 @ModelAttribute, 0 @InitBinder, 1 RequestBodyAdvice, 1 ResponseBodyAdvice
2023-05-22 11:08:01,820 ?[32m[Test worker]?[0;39m ?[39mDEBUG?[0;39m o.s.w.s.m.m.a.RequestMappingHandlerMapping - 4 mappings in 'requestMappingHandlerMapping'
2023-05-22 11:08:01,843 ?[32m[Test worker]?[0;39m ?[39mDEBUG?[0;39m o.s.web.servlet.handler.SimpleUrlHandlerMapping - Patterns [/graphiql, /graphiql/] in 'viewControllerHandlerMapping'
2023-05-22 11:08:01,888 ?[32m[Test worker]?[0;39m ?[34mINFO?[0;39m c.n.g.dgs.webmvc.autoconfigure.GraphiQLConfigurer - Configuring GraphiQL to use GraphQL endpoint at '/graphql'
2023-05-22 11:08:01,946 ?[32m[Test worker]?[0;39m ?[39mDEBUG?[0;39m o.s.web.servlet.handler.SimpleUrlHandlerMapping - Patterns [/webjars/**, /**, /graphiql/**] in 'resourceHandlerMapping'
2023-05-22 11:08:01,981 ?[32m[Test worker]?[0;39m ?[39mDEBUG?[0;39m o.s.w.s.m.m.a.ExceptionHandlerExceptionResolver - ControllerAdvice beans: 0 @ExceptionHandler, 1 ResponseBodyAdvice
2023-05-22 11:08:02,918 ?[32m[Test worker]?[0;39m ?[34mINFO?[0;39m e.u.iaaa.tfg.adapters.mutationsCsv.TestsFicheroCsv - Started TestsFicheroCsv in 24.248 seconds (process running for 28.9)
2023-05-22 11:08:04,383 ?[32m[Test worker]?[0;39m ?[39mDEBUG?[0;39m loggerTest - RESPUESTAAAAA:  GraphQLResponse(json={"data":{"getAllThemes":["Sector público","Legislación y justicia","Educación","Economía","Medio ambiente","Ciencia y tecnología","Hacienda","Transporte","Empleo","Seguridad","Urbanismo e infraestructuras","Medio Rural","Comercio","Industria","Sociedad y bienestar","Cultura y ocio"]}}, headers={})
2023-05-22 11:08:04,420 ?[32m[Test worker]?[0;39m ?[39mDEBUG?[0;39m o.s.w.context.support.GenericWebApplicationContext - Closing org.springframework.web.context.support.GenericWebApplicationContext@4904144d, started on Mon May 22 11:07:39 CEST 2023
2023-05-22 11:08:04,456 ?[32m[Test worker]?[0;39m ?[34mINFO?[0;39m o.s.orm.jpa.LocalContainerEntityManagerFactoryBean - Closing JPA EntityManagerFactory for persistence unit 'default'
2023-05-22 11:08:04,463 ?[32m[Test worker]?[0;39m ?[34mINFO?[0;39m com.zaxxer.hikari.HikariDataSource - HikariPool-1 - Shutdown initiated...
2023-05-22 11:08:04,473 ?[32m[Test worker]?[0;39m ?[34mINFO?[0;39m com.zaxxer.hikari.HikariDataSource - HikariPool-1 - Shutdown completed.
]]></system-out>
  <system-err><![CDATA[[2023.05.22 11:07:38] (Coverage): Error during class instrumentation: org.springframework.boot.logging.log4j2.Log4J2LoggingSystem: java.lang.RuntimeException: java.io.IOException: Class org/apache/logging/log4j/core/config/composite/CompositeConfiguration not found
[2023.05.22 11:07:40] (Coverage): Error during class instrumentation: org.springframework.mail.javamail.JavaMailSenderImpl: java.lang.RuntimeException: java.io.IOException: Class jakarta/mail/internet/MimeMessage not found
]]></system-err>
</testsuite>
